<?xml version="1.0" encoding="UTF-8"?>
<testng-results ignored="0" total="1" passed="1" failed="0" skipped="0">
  <reporter-output>
  </reporter-output>
  <suite started-at="2025-04-21T12:05:19 EDT" name="Suite" finished-at="2025-04-21T12:05:30 EDT" duration-ms="10885">
    <groups>
    </groups>
    <test started-at="2025-04-21T12:05:19 EDT" name="Test" finished-at="2025-04-21T12:05:30 EDT" duration-ms="10885">
      <class name="seleniumJenkins.seleniumJenkins.OpenPageOnlyTest">
        <test-method is-config="true" signature="beforeTest()[pri:0, instance:seleniumJenkins.seleniumJenkins.OpenPageOnlyTest@72967906]" started-at="2025-04-21T12:05:19 EDT" name="beforeTest" finished-at="2025-04-21T12:05:21 EDT" duration-ms="1298" status="PASS">
          <reporter-output>
          </reporter-output>
        </test-method> <!-- beforeTest -->
        <test-method signature="openPage()[pri:0, instance:seleniumJenkins.seleniumJenkins.OpenPageOnlyTest@72967906]" started-at="2025-04-21T12:05:21 EDT" name="openPage" finished-at="2025-04-21T12:05:30 EDT" duration-ms="9560" status="PASS">
          <reporter-output>
          </reporter-output>
        </test-method> <!-- openPage -->
        <test-method is-config="true" signature="afterTest()[pri:0, instance:seleniumJenkins.seleniumJenkins.OpenPageOnlyTest@72967906]" started-at="2025-04-21T12:05:30 EDT" name="afterTest" finished-at="2025-04-21T12:05:30 EDT" duration-ms="0" status="PASS">
          <reporter-output>
          </reporter-output>
        </test-method> <!-- afterTest -->
      </class> <!-- seleniumJenkins.seleniumJenkins.OpenPageOnlyTest -->
    </test> <!-- Test -->
  </suite> <!-- Suite -->
</testng-results>
